[2015.07.19-10.14.16:577][  0]Log file open, 07/19/15 12:14:16
[2015.07.19-10.14.16:577][  0]LogInit:Display: Running engine for game: BugShooter
[2015.07.19-10.14.16:577][  0]LogInit:Display: RandInit(-860671794) SRandInit(-860671793).
[2015.07.19-10.14.16:577][  0]LogTaskGraph: Started task graph with 4 named threads and 7 total threads.
[2015.07.19-10.14.16:577][  0]LogStats: Stats thread started
[2015.07.19-10.14.16:577][  0]LogInit: Version: 4.8.1-2591939+++depot+UE4-Releases+4.8
[2015.07.19-10.14.16:577][  0]LogInit: API Version: 2579680
[2015.07.19-10.14.16:577][  0]LogInit: Compiled (64-bit): Jun 18 2015 11:02:04
[2015.07.19-10.14.16:577][  0]LogInit: Compiled with Visual C++: 18.00.21005.01
[2015.07.19-10.14.16:577][  0]LogInit: Build Configuration: Development
[2015.07.19-10.14.16:577][  0]LogInit: Branch Name: ++depot+UE4-Releases+4.8
[2015.07.19-10.14.16:577][  0]LogInit: Command line: 
[2015.07.19-10.14.16:577][  0]LogInit: Base directory: C:/Program Files/Epic Games/4.8/Engine/Binaries/Win64/
[2015.07.19-10.14.16:577][  0]LogInit: Rocket: 1
[2015.07.19-10.14.16:587][  0]LogInit: Using libcurl 7.41.0
[2015.07.19-10.14.16:587][  0]LogInit:  - built for x86_64-pc-win32
[2015.07.19-10.14.16:587][  0]LogInit:  - supports SSL with WinSSL
[2015.07.19-10.14.16:587][  0]LogInit:  - other features:
[2015.07.19-10.14.16:587][  0]LogInit:      CURL_VERSION_SSL
[2015.07.19-10.14.16:587][  0]LogInit:      CURL_VERSION_IPV6
[2015.07.19-10.14.16:587][  0]LogInit:      CURL_VERSION_ASYNCHDNS
[2015.07.19-10.14.16:587][  0]LogInit:      CURL_VERSION_LARGEFILE
[2015.07.19-10.14.16:587][  0]LogInit:      CURL_VERSION_IDN
[2015.07.19-10.14.16:588][  0]LogInit:  CurlRequestOptions (configurable via config and command line):
[2015.07.19-10.14.16:588][  0]LogInit:  - bVerifyPeer = true  - Libcurl will verify peer certificate
[2015.07.19-10.14.16:588][  0]LogInit:  - bUseHttpProxy = false  - Libcurl will NOT use HTTP proxy
[2015.07.19-10.14.16:588][  0]LogInit:  - bDontReuseConnections = false  - Libcurl will reuse connections
[2015.07.19-10.14.16:588][  0]LogInit:  - CertBundlePath = nullptr  - Libcurl will use whatever was configured at build time.
[2015.07.19-10.14.16:597][  0]LogOnline:Warning: No default platform service specified for OnlineSubsystem
[2015.07.19-10.14.16:609][  0]LogInit: Presizing for 0 objects not considered by GC, pre-allocating 0 bytes.
[2015.07.19-10.14.16:615][  0]LogInit: Object subsystem initialized
[2015.07.19-10.14.16:616][  0]LogConsoleResponse:Warning: Skipping Unknown console variable: 'TranslucentSortAxis = (X=0.000000,Y=-1.000000,Z=0.000000)'
[2015.07.19-10.14.16:616][  0]LogConsoleResponse:Warning:   Found in ini file 'C:/Users/Viktor.Pekar/Documents/19-07-15/BugShooter/Saved/Config/Windows/Engine.ini', in section '[/Script/Engine.RendererSettings]'
[2015.07.19-10.14.16:616][  0]LogConsoleResponse:Warning: Skipping Unknown console variable: 'UIScaleRule = ShortestSide'
[2015.07.19-10.14.16:616][  0]LogConsoleResponse:Warning:   Found in ini file 'C:/Users/Viktor.Pekar/Documents/19-07-15/BugShooter/Saved/Config/Windows/Engine.ini', in section '[/Script/Engine.RendererSettings]'
[2015.07.19-10.14.16:616][  0]LogConsoleResponse:Warning: Skipping Unknown console variable: 'UIScaleCurve = (EditorCurveData=(Keys=),ExternalCurve=None)'
[2015.07.19-10.14.16:616][  0]LogConsoleResponse:Warning:   Found in ini file 'C:/Users/Viktor.Pekar/Documents/19-07-15/BugShooter/Saved/Config/Windows/Engine.ini', in section '[/Script/Engine.RendererSettings]'
[2015.07.19-10.14.16:618][  0]LogInit: Selected Device Profile: [Windows]
[2015.07.19-10.14.16:618][  0]LogInit: Applying CVar settings loaded from the selected device profile: [Windows]
[2015.07.19-10.14.16:627][  0]LogInit: Computer: 2015-GP-02
[2015.07.19-10.14.16:627][  0]LogInit: User: ViktorPekar
[2015.07.19-10.14.16:627][  0]LogInit: CPU Page size=4096, Cores=4
[2015.07.19-10.14.16:627][  0]LogInit: High frequency timer resolution =2.435800 MHz
[2015.07.19-10.14.16:627][  0]LogMemory: Memory total: Physical=15.9GB (16GB approx)
[2015.07.19-10.14.16:627][  0]LogMemory: Platform Memory Stats for Windows
[2015.07.19-10.14.16:627][  0]LogMemory: Process Physical Memory: 50.86 MB used, 50.86 MB peak
[2015.07.19-10.14.16:627][  0]LogMemory: Process Virtual Memory: 24.83 MB used, 24.83 MB peak
[2015.07.19-10.14.16:627][  0]LogMemory: Physical Memory: 5068.76 MB used, 16300.36 MB total
[2015.07.19-10.14.16:627][  0]LogMemory: Virtual Memory: 286.80 MB used, 8388608.00 MB total
[2015.07.19-10.14.16:663][  0]LogTextLocalizationManager: The requested culture ('de_DE') has no localization data; falling back to 'en' for localization and internationalization data.
[2015.07.19-10.14.16:872][  0]LogTextLocalizationManager:Warning: Loaded localization resources contain conflicting entries for (Namespace:ContentBrowser, Key:ImportAssetToolTip):
Localization Resource: (C:/Program Files/Epic Games/4.8/Engine/Content/Localization/Editor/en/Editor.locres) Source String Hash: (-630476809) Localized String: (Import to {0}...)
Localization Resource: (C:/Program Files/Epic Games/4.8/Engine/Content/Localization/Editor/en/Editor.locres) Source String Hash: (1271782899) Localized String: (Imports an asset from file to this folder.)
[2015.07.19-10.14.17:285][  0]LogD3D11RHI: Found D3D11 adapter 0: Intel(R) HD Graphics 4600 (Feature Level 11_0)
[2015.07.19-10.14.17:285][  0]LogD3D11RHI: Adapter has 64MB of dedicated video memory, 0MB of dedicated system memory, and 1632MB of shared system memory, 1 output[s]
[2015.07.19-10.14.17:297][  0]LogD3D11RHI: Found D3D11 adapter 1: NVIDIA GeForce GTX 860M   (Feature Level 11_0)
[2015.07.19-10.14.17:297][  0]LogD3D11RHI: Adapter has 4018MB of dedicated video memory, 0MB of dedicated system memory, and 7894MB of shared system memory, 0 output[s]
[2015.07.19-10.14.17:297][  0]LogD3D11RHI: Chosen D3D11 Adapter Id = 0
[2015.07.19-10.14.17:302][  0]LogRHI: Texture pool is 616 MB (70% of 880 MB)
[2015.07.19-10.14.17:317][  0]LogD3D11RHI: Async texture creation enabled
[2015.07.19-10.14.17:325][  0]LogShaderCompilers:Display: Using Local Shader Compiler.
[2015.07.19-10.14.18:038][  0]LogTemp:Display: Loaded TP DesktopTargetPlatform
[2015.07.19-10.14.18:051][  0]LogTemp:Display: Loaded TP WindowsClientTargetPlatform
[2015.07.19-10.14.18:063][  0]LogTemp:Display: Loaded TP WindowsNoEditorTargetPlatform
[2015.07.19-10.14.18:075][  0]LogTemp:Display: Loaded TP WindowsServerTargetPlatform
[2015.07.19-10.14.18:089][  0]LogTemp:Display: Loaded TP WindowsTargetPlatform
[2015.07.19-10.14.18:100][  0]LogTemp:Display: Loaded TP AndroidTargetPlatform
[2015.07.19-10.14.18:110][  0]LogTemp:Display: Loaded TP Android_ASTCTargetPlatform
[2015.07.19-10.14.18:121][  0]LogTemp:Display: Loaded TP Android_ATCTargetPlatform
[2015.07.19-10.14.18:131][  0]LogTemp:Display: Loaded TP Android_DXTTargetPlatform
[2015.07.19-10.14.18:142][  0]LogTemp:Display: Loaded TP Android_ETC1TargetPlatform
[2015.07.19-10.14.18:152][  0]LogTemp:Display: Loaded TP Android_ETC2TargetPlatform
[2015.07.19-10.14.18:163][  0]LogTemp:Display: Loaded TP Android_PVRTCTargetPlatform
[2015.07.19-10.14.18:206][  0]LogTemp:Display: Loaded TP IOSTargetPlatform
[2015.07.19-10.14.18:217][  0]LogTemp:Display: Loaded TP LinuxNoEditorTargetPlatform
[2015.07.19-10.14.18:228][  0]LogTemp:Display: Loaded TP LinuxServerTargetPlatform
[2015.07.19-10.14.18:241][  0]LogTemp:Display: Loaded TP LinuxTargetPlatform
[2015.07.19-10.14.18:241][  0]LogTargetPlatformManager:Display: Building Assets For Windows
[2015.07.19-10.14.18:414][  0]LogDerivedDataCache:Display: Max Cache Size: 512 MB
[2015.07.19-10.14.18:492][  0]LogDerivedDataCache: Loaded boot cache 0.08s 53MB C:/Users/Viktor.Pekar/AppData/Local/UnrealEngine/4.8/DerivedDataCache/Boot.ddc.
[2015.07.19-10.14.18:492][  0]LogDerivedDataCache:Display: Loaded Boot cache: C:/Users/Viktor.Pekar/AppData/Local/UnrealEngine/4.8/DerivedDataCache/Boot.ddc
[2015.07.19-10.14.18:492][  0]LogDerivedDataCache: FDerivedDataBackendGraph:  Pak pak cache file ../../../../../../Users/Viktor.Pekar/Documents/19-07-15/BugShooter/DerivedDataCache/DDC.ddp not found, will not use a pak cache.
[2015.07.19-10.14.18:492][  0]LogDerivedDataCache: Unable to find inner node Pak for hierarchical cache Hierarchy.
[2015.07.19-10.14.18:492][  0]LogDerivedDataCache: FDerivedDataBackendGraph:  CompressedPak pak cache file ../../../../../../Users/Viktor.Pekar/Documents/19-07-15/BugShooter/DerivedDataCache/Compressed.ddp not found, will not use a pak cache.
[2015.07.19-10.14.18:492][  0]LogDerivedDataCache: Unable to find inner node CompressedPak for hierarchical cache Hierarchy.
[2015.07.19-10.14.18:632][  0]LogDerivedDataCache:Display: Pak cache opened for reading ../../../Engine/DerivedDataCache/Compressed.ddp.
[2015.07.19-10.14.18:644][  0]LogDerivedDataCache: Using Local data cache path C:/Users/Viktor.Pekar/AppData/Local/UnrealEngine/Common/DerivedDataCache: Writable
[2015.07.19-10.14.18:817][  0]LogInit: Selected Device Profile: [Windows]
[2015.07.19-10.14.18:825][  0]ImportText (ComponentSweepMultiTests): Missing closing parenthesis: (RootShapeAsset="/Engine/BasicShapes/Cube.Cube",ShapeType="TriggerCapsule",HitResult=(Time=0.50,Location=(X=-100.000015,Y=0.0,Z=100.000015),ImpactPoint=(X=-50.0,Y=0.0,Z=50.0),Normal=(X=-1.0,Y=-0.0,Z=0.0),ImpactNormal=(X=0.0,Y=0.0,Z=1.0),TraceStart=(X=-200.0,Y=0.0,Z=200.0),TraceEnd=(X=0.0,Y=0.0,Z=0.0))
[2015.07.19-10.14.18:825][  0]ImportText (LineTraceSingleByChannelTests): Missing closing parenthesis: (RootShapeAsset="/Engine/BasicShapes/Cube.Cube",HitResult=(Time=0.50,Location=(X=-100.000015,Y=0.0,Z=100.000015),ImpactPoint=(X=-50.0,Y=0.0,Z=50.0),Normal=(X=-1.0,Y=-0.0,Z=0.0),ImpactNormal=(X=0.0,Y=0.0,Z=1.0),TraceStart=(X=-200.0,Y=0.0,Z=200.0),TraceEnd=(X=0.0,Y=0.0,Z=0.0))
[2015.07.19-10.14.18:850][  0]LogMeshUtilities: No automatic mesh reduction module available
[2015.07.19-10.14.18:850][  0]LogMeshUtilities: No automatic mesh merging module available
[2015.07.19-10.14.19:248][  0]LogInit: WinSock: version 1.1 (2.2), MaxSocks=32767, MaxUdp=65467
[2015.07.19-10.14.20:162][  0]UdpMessaging: Initializing bridge on interface 0.0.0.0:0 to multicast group 230.0.0.1:6666.
[2015.07.19-10.14.20:442][  0]SourceControl: Info Source control is disabled
[2015.07.19-10.14.20:452][  0]SourceControl: Info Source control is disabled
[2015.07.19-10.14.20:461][  0]SourceControl: Info Source control is disabled
[2015.07.19-10.14.20:469][  0]SourceControl: Info Source control is disabled
[2015.07.19-10.14.20:648][  0]LogObj: 26273 objects as part of root set at end of initial load.
[2015.07.19-10.14.20:648][  0]LogUObjectAllocator: 5409256 out of 0 bytes used by permanent object pool.
[2015.07.19-10.14.20:711][  0]LogEngine: Initializing Engine...
[2015.07.19-10.14.20:713][  0]LogHMD: Can't find Oculus library dev build: is proper Runtime installed? Version: 0.6.0.0
[2015.07.19-10.14.20:714][  0]LogHMD:Warning: SteamVR failed to initialize.  Error: 110
[2015.07.19-10.14.20:838][  0]LogAIModule: Creating AISystem for world NewWorld
[2015.07.19-10.14.20:843][  0]LogInit: XAudio2 using 'Lautsprecher (Realtek High Definition Audio)' : 2 channels at 48 kHz using 32 bits per sample (channel mask 0x3)
[2015.07.19-10.14.20:872][  0]LogInit: FAudioDevice initialized.
[2015.07.19-10.14.20:895][  0]LogDerivedDataCache: Saved boot cache 0.02s 53MB C:/Users/Viktor.Pekar/AppData/Local/UnrealEngine/4.8/DerivedDataCache/Boot.ddc.
[2015.07.19-10.14.20:900][  0]LogInit: Texture streaming: Disabled
[2015.07.19-10.14.20:919][  0]LogAnalytics: Creating configured Analytics provider AnalyticsET
[2015.07.19-10.14.20:919][  0]LogAnalytics: [UEEditor.Rocket.Release] APIServer = http://et2.epicgames.com/ET2/. AppVersion = 4.8.1-2591939+++depot+UE4-Releases+4.8
[2015.07.19-10.14.20:919][  0]LogAnalytics: [UEEditor.Rocket.Release] SetUserId fcdff1e148dbd36abe3e3593466647f0|7c8f08b2764d43e787567189fb578fc5|c56fab96-539e-4a88-91c5-28770007cfab
[2015.07.19-10.14.20:919][  0]LogAnalytics: [UEEditor.Rocket.Release] AnalyticsET::StartSession
[2015.07.19-10.14.20:941][  0]LogInit: Transaction tracking system initialized
[2015.07.19-10.14.21:043][  0]BlueprintLog: New page: Editor Load
[2015.07.19-10.14.21:073][  0]LogAssetRegistry: FAssetRegistry took 0.0101 seconds to start up
[2015.07.19-10.14.21:073][  0]LogDirectoryWatcher:Warning: Failed to begin reading directory changes for ../../../Engine/Plugins/Experimental/CharacterAI/Content/. Error: 0
[2015.07.19-10.14.21:782][  0]LogConsoleManager:Warning: Console variable 'r.VSync' wasn't set ('GameSetting' has a lower priority than 'SystemSettingsIni')
[2015.07.19-10.14.21:783][  0]LogConsoleResponse:Display: 
[2015.07.19-10.14.21:886][  0]LogCook:Display: Done creating registry. It took  0.00s.
[2015.07.19-10.14.22:051][  0]SourceControl: Info Source control is disabled
[2015.07.19-10.14.22:051][  0]Cmd: MAP LOAD FILE="../../../../../../Users/Viktor.Pekar/Documents/19-07-15/BugShooter/Content/FirstPersonBP/Maps/FirstPersonExampleMap.umap" TEMPLATE=0 SHOWPROGRESS=1 FEATURELEVEL=3
[2015.07.19-10.14.22:052][  0]LightingResults: New page: Lighting Build
[2015.07.19-10.14.22:063][  0]MapCheck: New page: Map Check
[2015.07.19-10.14.22:063][  0]LightingResults: New page: Lighting Build
[2015.07.19-10.14.22:072][  0]LogParticles: Destroying 0 GPU particle simulations for FXSystem 0x00000000137B8B80
[2015.07.19-10.14.23:983][  0]LogAIModule: Creating AISystem for world FirstPersonExampleMap
[2015.07.19-10.14.24:000][  0]LogEditorServer: Finished looking for orphan Actors (0.000 secs)
[2015.07.19-10.14.26:036][  0]Cmd: MAP CHECKDEP NOCLEARLOG
[2015.07.19-10.14.26:080][  0]MapCheck: Info Map check complete: 0 Error(s), 0 Warning(s), took 43.736ms to complete.
[2015.07.19-10.14.26:080][  0]LogFileHelpers: Loading map 'FirstPersonExampleMap' took 4.029
[2015.07.19-10.14.26:211][  0]LogCollectionManager: Loaded 0 collections in 0.002146 seconds
[2015.07.19-10.14.26:219][  0]LogContentBrowser: Native class hierarchy populated in 0.0078 seconds. Added 1793 classes and 303 folders.
[2015.07.19-10.14.26:266][  0]LogContentBrowser: Native class hierarchy updated for 'WidgetCarousel' in 0.0004 seconds. Added 0 classes and 0 folders.
[2015.07.19-10.14.26:300][  0]LogContentBrowser: Native class hierarchy updated for 'AddContentDialog' in 0.0004 seconds. Added 0 classes and 0 folders.
[2015.07.19-10.14.26:371][  0]LogCrashTracker: Crashtracker disabled due to settings.
[2015.07.19-10.14.26:375][  0]LogUObjectGlobals:Warning: Failed to find object 'Class None.'
[2015.07.19-10.14.26:396][  0]LogLoad: Full Startup: 10.98 seconds (BP compile: 0.35 seconds)
[2015.07.19-10.14.26:451][  0]LogContentStreaming: Texture pool size is 0.000000MB
[2015.07.19-10.14.26:470][  0]LogContentStreaming: Texture pool size now 700 MB
[2015.07.19-10.14.26:595][  0]LogRenderer: Reallocating scene render targets to support 1072x640 (Frame:2).
[2015.07.19-10.14.27:142][  7]LogAssetRegistry: Asset discovery search completed in 6.0791 seconds
[2015.07.19-10.14.30:372][357]LogPlayLevel: PIE:  No blueprints needed recompiling
[2015.07.19-10.14.30:375][357]PIE: New page: PIE session: FirstPersonExampleMap (Jul 19, 2015, 2:14:30 PM)
[2015.07.19-10.14.30:376][357]LogPlayLevel: Creating play world package: /Game/FirstPersonBP/Maps/UEDPIE_0_FirstPersonExampleMap
[2015.07.19-10.14.30:390][357]LogPlayLevel: PIE: StaticDuplicateObject took: (0.014244s)
[2015.07.19-10.14.30:391][357]LogAIModule: Creating AISystem for world FirstPersonExampleMap
[2015.07.19-10.14.30:391][357]LogPlayLevel: PIE: World Init took: (0.001391s)
[2015.07.19-10.14.30:391][357]LogPlayLevel: PIE: Created PIE world by copying editor world from /Game/FirstPersonBP/Maps/FirstPersonExampleMap.FirstPersonExampleMap to /Game/FirstPersonBP/Maps/UEDPIE_0_FirstPersonExampleMap.FirstPersonExampleMap (0.015920s)
[2015.07.19-10.14.30:446][357]LogInit: XAudio2 using 'Lautsprecher (Realtek High Definition Audio)' : 2 channels at 48 kHz using 32 bits per sample (channel mask 0x3)
[2015.07.19-10.14.30:454][357]LogInit: FAudioDevice initialized.
[2015.07.19-10.14.30:579][357]LogWorld: Game class is 'FirstPersonGameMode_C'
[2015.07.19-10.14.30:585][357]LogWorld: Bringing World /Game/FirstPersonBP/Maps/UEDPIE_0_FirstPersonExampleMap.FirstPersonExampleMap up for play (max tick rate 0) at 2015.07.19-12.14.30
[2015.07.19-10.14.30:586][357]LogActor:Warning: GameSession /Game/FirstPersonBP/Maps/UEDPIE_0_FirstPersonExampleMap.FirstPersonExampleMap:PersistentLevel.GameSession_0 has natively added scene component(s), but none of them were set as the actor's RootComponent - picking one arbitrarily
[2015.07.19-10.14.30:586][357]LogActor:Warning: GameNetworkManager /Game/FirstPersonBP/Maps/UEDPIE_0_FirstPersonExampleMap.FirstPersonExampleMap:PersistentLevel.GameNetworkManager_0 has natively added scene component(s), but none of them were set as the actor's RootComponent - picking one arbitrarily
[2015.07.19-10.14.30:586][357]LogWorld: Bringing up level for play took: 0.004812
[2015.07.19-10.14.30:588][357]PIE: Info Play in editor start time for /Game/FirstPersonBP/Maps/UEDPIE_0_FirstPersonExampleMap 0.777
[2015.07.19-10.15.41:120][644]LogParticles: Destroying 0 GPU particle simulations for FXSystem 0x0000000018E9EE80
[2015.07.19-10.16.14:019][240]LogEditorViewport: Clicking on Actor (LMB): StaticMeshActor (Cube01)
[2015.07.19-10.16.18:707][664]Cmd: TRANSACTION UNDO
[2015.07.19-10.16.18:707][664]LogEditorTransaction: Undo Move Actors
[2015.07.19-10.16.18:950][679]Cmd: TRANSACTION UNDO
[2015.07.19-10.16.18:950][679]LogEditorTransaction: Undo Move Actors
[2015.07.19-10.18.28:352][965]Cmd: TRANSACTION UNDO
[2015.07.19-10.18.28:352][965]LogEditorTransaction: Undo Move Actors
[2015.07.19-10.18.28:549][980]Cmd: TRANSACTION UNDO
[2015.07.19-10.18.28:549][980]LogEditorTransaction: Undo Move Actors
[2015.07.19-10.18.28:698][985]Cmd: TRANSACTION UNDO
[2015.07.19-10.18.28:698][985]LogEditorTransaction: Undo Clicking on Actors
[2015.07.19-10.18.29:628][ 44]LogEditorViewport: Clicking on Actor (LMB): StaticMeshActor (LargeCube2)
[2015.07.19-10.18.36:171][578]LogEditorViewport: Clicking on Actor (LMB): StaticMeshActor (Cube10)
[2015.07.19-10.19.34:787][322]LogLinker:Warning: Asset '../../../Engine/Content/ArtTools/RenderToTexture/Macros/RenderToTextureMacros.uasset' has been saved with empty engine version. The asset will be loaded but may be incompatible.
[2015.07.19-10.19.34:835][322]LogLinker:Warning: Asset '../../../Engine/Content/ArtTools/RenderToTexture/Enums/RenderToTexture_Enum.uasset' has been saved with empty engine version. The asset will be loaded but may be incompatible.
[2015.07.19-10.19.35:921][322]LogRenderer: Reallocating scene render targets to support 1072x712 (Frame:30480).
[2015.07.19-10.24.13:053][681]BlueprintLog: New page: Pre-PIE auto-recompile
[2015.07.19-10.24.13:066][681]LogPlayLevel: [PIE] Compiling SirOpponentTheThirdnShit_Blueprint before PIE...
[2015.07.19-10.24.13:085][681]LogBlueprint:Error: [compiler SirOpponentTheThirdnShit_Blueprint] Error The type of  Object  is undetermined.  Connect something to  Cast To FirstPersonProjectile  to imply a specific type.
[2015.07.19-10.24.13:086][681]LogBlueprint:Error: [compiler SirOpponentTheThirdnShit_Blueprint] Error The current value of the ' Object ' pin is invalid: Unsupported type Object Wildcard on pin Object
[2015.07.19-10.24.13:241][681]LogBlueprint:Warning: [compiler SirOpponentTheThirdnShit_Blueprint] Warning [0597.81] Compile of SirOpponentTheThirdnShit_Blueprint failed. 2 Fatal Issue(s) 0 Warning(s) [in 170 ms]
[2015.07.19-10.24.13:241][681]LogBlueprint:Warning: [compiler SirOpponentTheThirdnShit_Blueprint] Warning [0597.81] Compile of SirOpponentTheThirdnShit_Blueprint failed. 2 Fatal Issue(s) 1 Warning(s) [in 0 ms]
[2015.07.19-10.24.13:241][681]LogBlueprint:Warning: [compiler SirOpponentTheThirdnShit_Blueprint] Warning [0597.81] Compile of SirOpponentTheThirdnShit_Blueprint failed. 2 Fatal Issue(s) 2 Warning(s) [in 0 ms]
[2015.07.19-10.24.13:241][681]LogBlueprint:Warning: [compiler SirOpponentTheThirdnShit_Blueprint] Warning [0597.81] Compile of SirOpponentTheThirdnShit_Blueprint failed. 2 Fatal Issue(s) 3 Warning(s) [in 0 ms]
[2015.07.19-10.24.13:253][681]LogBlueprint:Warning: [compiler SirOpponentTheThirdnShit_Blueprint] Warning [0597.82] Compile of SirOpponentTheThirdnShit_Blueprint failed. 2 Fatal Issue(s) 4 Warning(s) [in 11 ms]
[2015.07.19-10.24.13:253][681]LogBlueprint:Warning: [compiler SirOpponentTheThirdnShit_Blueprint] Warning [0597.82] Compile of SirOpponentTheThirdnShit_Blueprint failed. 2 Fatal Issue(s) 5 Warning(s) [in 0 ms]
[2015.07.19-10.24.13:291][681]LogPlayLevel: PIE:  Blueprint regeneration took 238 ms (1 blueprints)
[2015.07.19-10.24.16:847][681]BlueprintLog: Info Blueprint SirOpponentTheThirdnShit_Blueprint failed to compile
[2015.07.19-10.24.56:931][ 23]LogSavePackage: Save=1741.638428ms
[2015.07.19-10.24.56:931][ 23]LogSavePackage: Moving '../../../../../../Users/Viktor.Pekar/Documents/19-07-15/BugShooter/Saved/FirstPersonExampleMapDEB73DC04CFB61BF86B43F9DA7DC43A6.tmp' to '../../../../../../Users/Viktor.Pekar/Documents/19-07-15/BugShooter/Content/FirstPersonBP/Maps/FirstPersonExampleMap.umap'
[2015.07.19-10.24.56:961][ 23]LogFileHelpers: Saving map 'FirstPersonExampleMap' took 1.872
[2015.07.19-10.24.57:015][ 23]LogSavePackage: Save=31.301830ms
[2015.07.19-10.24.57:015][ 23]LogSavePackage: Moving '../../../../../../Users/Viktor.Pekar/Documents/19-07-15/BugShooter/Saved/SirOpponentTheThirdnShit_BlueprintE175CFC0454DEC8DDE458AB817E937DD.tmp' to '../../../../../../Users/Viktor.Pekar/Documents/19-07-15/BugShooter/Content/SirOpponentTheThirdnShit_Blueprint.uasset'
[2015.07.19-10.25.01:836][319]BlueprintLog: New page: Pre-PIE auto-recompile
[2015.07.19-10.25.01:851][319]LogPlayLevel: [PIE] Compiling SirOpponentTheThirdnShit_Blueprint before PIE...
[2015.07.19-10.25.01:965][319]LogPlayLevel: PIE:  Blueprint regeneration took 128 ms (1 blueprints)
[2015.07.19-10.25.01:965][319]PIE: New page: PIE session: FirstPersonExampleMap (Jul 19, 2015, 2:25:01 PM)
[2015.07.19-10.25.01:965][319]LogPlayLevel: Creating play world package: /Game/FirstPersonBP/Maps/UEDPIE_0_FirstPersonExampleMap
[2015.07.19-10.25.01:986][319]LogPlayLevel: PIE: StaticDuplicateObject took: (0.020551s)
[2015.07.19-10.25.01:987][319]LogAIModule: Creating AISystem for world FirstPersonExampleMap
[2015.07.19-10.25.01:987][319]LogPlayLevel: PIE: World Init took: (0.001294s)
[2015.07.19-10.25.01:988][319]LogPlayLevel: PIE: Created PIE world by copying editor world from /Game/FirstPersonBP/Maps/FirstPersonExampleMap.FirstPersonExampleMap to /Game/FirstPersonBP/Maps/UEDPIE_0_FirstPersonExampleMap.FirstPersonExampleMap (0.022144s)
[2015.07.19-10.25.02:019][319]LogInit: XAudio2 using 'Lautsprecher (Realtek High Definition Audio)' : 2 channels at 48 kHz using 32 bits per sample (channel mask 0x3)
[2015.07.19-10.25.02:029][319]LogInit: FAudioDevice initialized.
[2015.07.19-10.25.02:063][319]LogWorld: Game class is 'FirstPersonGameMode_C'
[2015.07.19-10.25.02:071][319]LogWorld: Bringing World /Game/FirstPersonBP/Maps/UEDPIE_0_FirstPersonExampleMap.FirstPersonExampleMap up for play (max tick rate 0) at 2015.07.19-12.25.02
[2015.07.19-10.25.02:071][319]LogActor:Warning: GameSession /Game/FirstPersonBP/Maps/UEDPIE_0_FirstPersonExampleMap.FirstPersonExampleMap:PersistentLevel.GameSession_1 has natively added scene component(s), but none of them were set as the actor's RootComponent - picking one arbitrarily
[2015.07.19-10.25.02:072][319]LogActor:Warning: GameNetworkManager /Game/FirstPersonBP/Maps/UEDPIE_0_FirstPersonExampleMap.FirstPersonExampleMap:PersistentLevel.GameNetworkManager_1 has natively added scene component(s), but none of them were set as the actor's RootComponent - picking one arbitrarily
[2015.07.19-10.25.02:072][319]LogWorld: Bringing up level for play took: 0.006531
[2015.07.19-10.25.02:074][319]PIE: Info Play in editor start time for /Game/FirstPersonBP/Maps/UEDPIE_0_FirstPersonExampleMap 0.254
[2015.07.19-10.25.04:227][467]LogParticles: Destroying 0 GPU particle simulations for FXSystem 0x00000000280C7C40
[2015.07.19-10.25.06:723][628]LogRenderer: Reallocating scene render targets to support 1240x712 (Frame:51030).
[2015.07.19-10.25.15:068][194]LogPlayLevel: PIE:  No blueprints needed recompiling
[2015.07.19-10.25.15:068][194]PIE: New page: PIE session: FirstPersonExampleMap (Jul 19, 2015, 2:25:15 PM)
[2015.07.19-10.25.15:068][194]LogPlayLevel: Creating play world package: /Game/FirstPersonBP/Maps/UEDPIE_0_FirstPersonExampleMap
[2015.07.19-10.25.15:092][194]LogPlayLevel: PIE: StaticDuplicateObject took: (0.023827s)
[2015.07.19-10.25.15:093][194]LogAIModule: Creating AISystem for world FirstPersonExampleMap
[2015.07.19-10.25.15:093][194]LogPlayLevel: PIE: World Init took: (0.001294s)
[2015.07.19-10.25.15:094][194]LogPlayLevel: PIE: Created PIE world by copying editor world from /Game/FirstPersonBP/Maps/FirstPersonExampleMap.FirstPersonExampleMap to /Game/FirstPersonBP/Maps/UEDPIE_0_FirstPersonExampleMap.FirstPersonExampleMap (0.025417s)
[2015.07.19-10.25.15:125][194]LogInit: XAudio2 using 'Lautsprecher (Realtek High Definition Audio)' : 2 channels at 48 kHz using 32 bits per sample (channel mask 0x3)
[2015.07.19-10.25.15:133][194]LogInit: FAudioDevice initialized.
[2015.07.19-10.25.15:166][194]LogWorld: Game class is 'FirstPersonGameMode_C'
[2015.07.19-10.25.15:173][194]LogWorld: Bringing World /Game/FirstPersonBP/Maps/UEDPIE_0_FirstPersonExampleMap.FirstPersonExampleMap up for play (max tick rate 0) at 2015.07.19-12.25.15
[2015.07.19-10.25.15:174][194]LogActor:Warning: GameSession /Game/FirstPersonBP/Maps/UEDPIE_0_FirstPersonExampleMap.FirstPersonExampleMap:PersistentLevel.GameSession_2 has natively added scene component(s), but none of them were set as the actor's RootComponent - picking one arbitrarily
[2015.07.19-10.25.15:174][194]LogActor:Warning: GameNetworkManager /Game/FirstPersonBP/Maps/UEDPIE_0_FirstPersonExampleMap.FirstPersonExampleMap:PersistentLevel.GameNetworkManager_2 has natively added scene component(s), but none of them were set as the actor's RootComponent - picking one arbitrarily
[2015.07.19-10.25.15:174][194]LogWorld: Bringing up level for play took: 0.005998
[2015.07.19-10.25.15:176][194]PIE: Info Play in editor start time for /Game/FirstPersonBP/Maps/UEDPIE_0_FirstPersonExampleMap -0.643
[2015.07.19-10.26.05:154][899]LogParticles: Destroying 0 GPU particle simulations for FXSystem 0x000000000FCD6340
[2015.07.19-10.28.58:535][546]LogSavePackage: Save=31.752607ms
[2015.07.19-10.28.58:535][546]LogSavePackage: Moving '../../../../../../Users/Viktor.Pekar/Documents/19-07-15/BugShooter/Saved/SirOpponentTheThirdnShit_Blueprint2168CEA842F1EDD607624BA50331A424.tmp' to '../../../../../../Users/Viktor.Pekar/Documents/19-07-15/BugShooter/Content/SirOpponentTheThirdnShit_Blueprint.uasset'
[2015.07.19-10.29.00:214][651]BlueprintLog: New page: Pre-PIE auto-recompile
[2015.07.19-10.29.00:229][651]LogPlayLevel: [PIE] Compiling SirOpponentTheThirdnShit_Blueprint before PIE...
[2015.07.19-10.29.00:341][651]LogPlayLevel: PIE:  Blueprint regeneration took 127 ms (1 blueprints)
[2015.07.19-10.29.00:341][651]PIE: New page: PIE session: FirstPersonExampleMap (Jul 19, 2015, 2:29:00 PM)
[2015.07.19-10.29.00:342][651]LogPlayLevel: Creating play world package: /Game/FirstPersonBP/Maps/UEDPIE_0_FirstPersonExampleMap
[2015.07.19-10.29.00:365][651]LogPlayLevel: PIE: StaticDuplicateObject took: (0.023441s)
[2015.07.19-10.29.00:366][651]LogAIModule: Creating AISystem for world FirstPersonExampleMap
[2015.07.19-10.29.00:367][651]LogPlayLevel: PIE: World Init took: (0.001303s)
[2015.07.19-10.29.00:367][651]LogPlayLevel: PIE: Created PIE world by copying editor world from /Game/FirstPersonBP/Maps/FirstPersonExampleMap.FirstPersonExampleMap to /Game/FirstPersonBP/Maps/UEDPIE_0_FirstPersonExampleMap.FirstPersonExampleMap (0.025135s)
[2015.07.19-10.29.00:399][651]LogInit: XAudio2 using 'Lautsprecher (Realtek High Definition Audio)' : 2 channels at 48 kHz using 32 bits per sample (channel mask 0x3)
[2015.07.19-10.29.00:408][651]LogInit: FAudioDevice initialized.
[2015.07.19-10.29.00:443][651]LogWorld: Game class is 'FirstPersonGameMode_C'
[2015.07.19-10.29.00:451][651]LogWorld: Bringing World /Game/FirstPersonBP/Maps/UEDPIE_0_FirstPersonExampleMap.FirstPersonExampleMap up for play (max tick rate 0) at 2015.07.1